<?xml version="1.0" encoding="UTF-8"?>
<!-- Generated by org.testng.reporters.JUnitReportReporter -->
<testsuite hostname="Sahils-MacBook-Pro.local" name="com.liveaction.selenium.testCase.report.ReportsType" tests="5" failures="0" timestamp="18 Jul 2016 22:02:46 GMT" time="49.986" errors="0">
  <testcase name="testReportFlow" time="10.852" classname="com.liveaction.selenium.testCase.report.ReportsType"/>
  <testcase name="testReportFlow" time="8.540" classname="com.liveaction.selenium.testCase.report.ReportsType"/>
  <testcase name="testReportFlow" time="11.204" classname="com.liveaction.selenium.testCase.report.ReportsType"/>
  <testcase name="testReportFlow" time="8.148" classname="com.liveaction.selenium.testCase.report.ReportsType"/>
  <testcase name="testReportFlow" time="11.242" classname="com.liveaction.selenium.testCase.report.ReportsType"/>
</testsuite> <!-- com.liveaction.selenium.testCase.report.ReportsType -->
