<?xml version="1.0" encoding="UTF-8"?>
<!-- Generated by org.testng.reporters.JUnitReportReporter -->
<testsuite hostname="Sahils-MacBook-Pro.local" name="com.liveaction.selenium.testCase.homepage.TestAlexaSite" tests="1" failures="0" timestamp="20 Jul 2016 06:24:45 GMT" time="8.047" errors="0">
  <testcase name="test_ALM82062_VerifyAlexa" time="8.047" classname="com.liveaction.selenium.testCase.homepage.TestAlexaSite"/>
</testsuite> <!-- com.liveaction.selenium.testCase.homepage.TestAlexaSite -->
