<?xml version="1.0" encoding="UTF-8"?>
<!-- Generated by org.testng.reporters.JUnitReportReporter -->
<testsuite hostname="Sahils-MacBook-Pro.local" name="com.liveaction.selenium.testCase.VerifyDeviceInventory" tests="5" failures="0" timestamp="18 Jul 2016 22:21:48 GMT" time="18.164" errors="0">
  <testcase name="verifyReportForSites" time="4.097" classname="com.liveaction.selenium.testCase.VerifyDeviceInventory"/>
  <testcase name="verifyReportForSites" time="4.586" classname="com.liveaction.selenium.testCase.VerifyDeviceInventory"/>
  <testcase name="verifyReportForSites" time="5.387" classname="com.liveaction.selenium.testCase.VerifyDeviceInventory"/>
  <testcase name="getLinks" time="0.007" classname="com.liveaction.selenium.testCase.VerifyDeviceInventory"/>
  <testcase name="verifyReportForSites" time="4.087" classname="com.liveaction.selenium.testCase.VerifyDeviceInventory"/>
</testsuite> <!-- com.liveaction.selenium.testCase.VerifyDeviceInventory -->
